<html>
<head>
<title>TestNG:  Test</title>
<link href="../testng.css" rel="stylesheet" type="text/css" />
<link href="../my-testng.css" rel="stylesheet" type="text/css" />

<style type="text/css">
.log { display: none;} 
.stack-trace { display: none;} 
</style>
<script type="text/javascript">
<!--
function flip(e) {
  current = e.style.display;
  if (current == 'block') {
    e.style.display = 'none';
    return 0;
  }
  else {
    e.style.display = 'block';
    return 1;
  }
}

function toggleBox(szDivId, elem, msg1, msg2)
{
  var res = -1;  if (document.getElementById) {
    res = flip(document.getElementById(szDivId));
  }
  else if (document.all) {
    // this is the way old msie versions work
    res = flip(document.all[szDivId]);
  }
  if(elem) {
    if(res == 0) elem.innerHTML = msg1; else elem.innerHTML = msg2;
  }

}

function toggleAllBoxes() {
  if (document.getElementsByTagName) {
    d = document.getElementsByTagName('div');
    for (i = 0; i < d.length; i++) {
      if (d[i].className == 'log') {
        flip(d[i]);
      }
    }
  }
}

// -->
</script>

</head>
<body>
<h2 align='center'>Test</h2><table border='1' align="center">
<tr>
<td>Tests passed/Failed/Skipped:</td><td>16/4/0</td>
</tr><tr>
<td>Started on:</td><td>Tue Feb 08 10:19:34 IST 2022</td>
</tr>
<tr><td>Total time:</td><td>195 seconds (195030 ms)</td>
</tr><tr>
<td>Included groups:</td><td>App Order fee Service Login Care Shop Sell Offer Search faq Compare Reward travel Cart </td>
</tr><tr>
<td>Excluded groups:</td><td></td>
</tr>
</table><p/>
<small><i>(Hover the method name to see the test class name)</i></small><p/>
<table width='100%' border='1' class='invocation-failed'>
<tr><td colspan='4' align='center'><b>FAILED TESTS</b></td></tr>
<tr><td><b>Test method</b></td>
<td width="30%"><b>Exception</b></td>
<td width="10%"><b>Time (seconds)</b></td>
<td><b>Instance</b></td>
</tr>
<tr>
<td title='com.Assignment.tests.SellOnTest.InvalidsellOnFlip()'><b>InvalidsellOnFlip</b><br>Test class: com.Assignment.tests.SellOnTest</td>
<td><div><pre>java.lang.AssertionError: expected [Online on Flipkart | Grow your business with the leader in Indian e-commerce] but found [Sell Online on Flipkart | Grow your business with the leader in Indian e-commerce]
	at com.Assignment.tests.SellOnTest.InvalidsellOnFlip(SellOnTest.java:40)
... Removed 31 stack frames</pre></div><a href='#' onClick='toggleBox("stack-trace1062831184", this, "Click to show all stack frames", "Click to hide stack frames")'>Click to show all stack frames</a>
<div class='stack-trace' id='stack-trace1062831184'><pre>java.lang.AssertionError: expected [Online on Flipkart | Grow your business with the leader in Indian e-commerce] but found [Sell Online on Flipkart | Grow your business with the leader in Indian e-commerce]
	at org.testng.Assert.fail(Assert.java:96)
	at org.testng.Assert.failNotEquals(Assert.java:776)
	at org.testng.Assert.assertEqualsImpl(Assert.java:137)
	at org.testng.Assert.assertEquals(Assert.java:118)
	at org.testng.Assert.assertEquals(Assert.java:453)
	at org.testng.Assert.assertEquals(Assert.java:463)
	at com.Assignment.tests.SellOnTest.InvalidsellOnFlip(SellOnTest.java:40)
	at java.base/jdk.internal.reflect.NativeMethodAccessorImpl.invoke0(Native Method)
	at java.base/jdk.internal.reflect.NativeMethodAccessorImpl.invoke(NativeMethodAccessorImpl.java:62)
	at java.base/jdk.internal.reflect.DelegatingMethodAccessorImpl.invoke(DelegatingMethodAccessorImpl.java:43)
	at java.base/java.lang.reflect.Method.invoke(Method.java:566)
	at org.testng.internal.MethodInvocationHelper.invokeMethod(MethodInvocationHelper.java:124)
	at org.testng.internal.Invoker.invokeMethod(Invoker.java:583)
	at org.testng.internal.Invoker.invokeTestMethod(Invoker.java:719)
	at org.testng.internal.Invoker.invokeTestMethods(Invoker.java:989)
	at org.testng.internal.TestMethodWorker.invokeTestMethods(TestMethodWorker.java:125)
	at org.testng.internal.TestMethodWorker.run(TestMethodWorker.java:109)
	at org.testng.TestRunner.privateRun(TestRunner.java:648)
	at org.testng.TestRunner.run(TestRunner.java:505)
	at org.testng.SuiteRunner.runTest(SuiteRunner.java:455)
	at org.testng.SuiteRunner.runSequentially(SuiteRunner.java:450)
	at org.testng.SuiteRunner.privateRun(SuiteRunner.java:415)
	at org.testng.SuiteRunner.run(SuiteRunner.java:364)
	at org.testng.SuiteRunnerWorker.runSuite(SuiteRunnerWorker.java:52)
	at org.testng.SuiteRunnerWorker.run(SuiteRunnerWorker.java:84)
	at org.testng.TestNG.runSuitesSequentially(TestNG.java:1208)
	at org.testng.TestNG.runSuitesLocally(TestNG.java:1137)
	at org.testng.TestNG.runSuites(TestNG.java:1049)
	at org.testng.TestNG.run(TestNG.java:1017)
	at org.testng.remote.AbstractRemoteTestNG.run(AbstractRemoteTestNG.java:115)
	at org.testng.remote.RemoteTestNG.initAndRun(RemoteTestNG.java:251)
	at org.testng.remote.RemoteTestNG.main(RemoteTestNG.java:77)
</pre></div></td>
<td>6</td>
<td>com.Assignment.tests.SellOnTest@36b4fe2a</td></tr>
<tr>
<td title='com.Assignment.tests.LoginTest.inValidLogin()'><b>inValidLogin</b><br>Test class: com.Assignment.tests.LoginTest</td>
<td><div><pre>java.lang.AssertionError: expected [Shopping Site for Mobiles, Electronics, Furniture, Grocery, Lifestyle, Books &amp; More. Best Offers!] but found [Online Shopping Site for Mobiles, Electronics, Furniture, Grocery, Lifestyle, Books &amp; More. Best Offers!]
	at com.Assignment.tests.LoginTest.inValidLogin(LoginTest.java:49)
... Removed 31 stack frames</pre></div><a href='#' onClick='toggleBox("stack-trace975629453", this, "Click to show all stack frames", "Click to hide stack frames")'>Click to show all stack frames</a>
<div class='stack-trace' id='stack-trace975629453'><pre>java.lang.AssertionError: expected [Shopping Site for Mobiles, Electronics, Furniture, Grocery, Lifestyle, Books &amp; More. Best Offers!] but found [Online Shopping Site for Mobiles, Electronics, Furniture, Grocery, Lifestyle, Books &amp; More. Best Offers!]
	at org.testng.Assert.fail(Assert.java:96)
	at org.testng.Assert.failNotEquals(Assert.java:776)
	at org.testng.Assert.assertEqualsImpl(Assert.java:137)
	at org.testng.Assert.assertEquals(Assert.java:118)
	at org.testng.Assert.assertEquals(Assert.java:453)
	at org.testng.Assert.assertEquals(Assert.java:463)
	at com.Assignment.tests.LoginTest.inValidLogin(LoginTest.java:49)
	at java.base/jdk.internal.reflect.NativeMethodAccessorImpl.invoke0(Native Method)
	at java.base/jdk.internal.reflect.NativeMethodAccessorImpl.invoke(NativeMethodAccessorImpl.java:62)
	at java.base/jdk.internal.reflect.DelegatingMethodAccessorImpl.invoke(DelegatingMethodAccessorImpl.java:43)
	at java.base/java.lang.reflect.Method.invoke(Method.java:566)
	at org.testng.internal.MethodInvocationHelper.invokeMethod(MethodInvocationHelper.java:124)
	at org.testng.internal.Invoker.invokeMethod(Invoker.java:583)
	at org.testng.internal.Invoker.invokeTestMethod(Invoker.java:719)
	at org.testng.internal.Invoker.invokeTestMethods(Invoker.java:989)
	at org.testng.internal.TestMethodWorker.invokeTestMethods(TestMethodWorker.java:125)
	at org.testng.internal.TestMethodWorker.run(TestMethodWorker.java:109)
	at org.testng.TestRunner.privateRun(TestRunner.java:648)
	at org.testng.TestRunner.run(TestRunner.java:505)
	at org.testng.SuiteRunner.runTest(SuiteRunner.java:455)
	at org.testng.SuiteRunner.runSequentially(SuiteRunner.java:450)
	at org.testng.SuiteRunner.privateRun(SuiteRunner.java:415)
	at org.testng.SuiteRunner.run(SuiteRunner.java:364)
	at org.testng.SuiteRunnerWorker.runSuite(SuiteRunnerWorker.java:52)
	at org.testng.SuiteRunnerWorker.run(SuiteRunnerWorker.java:84)
	at org.testng.TestNG.runSuitesSequentially(TestNG.java:1208)
	at org.testng.TestNG.runSuitesLocally(TestNG.java:1137)
	at org.testng.TestNG.runSuites(TestNG.java:1049)
	at org.testng.TestNG.run(TestNG.java:1017)
	at org.testng.remote.AbstractRemoteTestNG.run(AbstractRemoteTestNG.java:115)
	at org.testng.remote.RemoteTestNG.initAndRun(RemoteTestNG.java:251)
	at org.testng.remote.RemoteTestNG.main(RemoteTestNG.java:77)
</pre></div></td>
<td>0</td>
<td>com.Assignment.tests.LoginTest@45ca843</td></tr>
<tr>
<td title='com.Assignment.tests.ServicesTest.invalidService()'><b>invalidService</b><br>Test class: com.Assignment.tests.ServicesTest</td>
<td><div><pre>java.lang.AssertionError: expected [Everything you need to know about selling on Flipkart?] but found [Services | Everything you need to know about selling on Flipkart?]
	at com.Assignment.tests.ServicesTest.invalidService(ServicesTest.java:45)
... Removed 31 stack frames</pre></div><a href='#' onClick='toggleBox("stack-trace1538456363", this, "Click to show all stack frames", "Click to hide stack frames")'>Click to show all stack frames</a>
<div class='stack-trace' id='stack-trace1538456363'><pre>java.lang.AssertionError: expected [Everything you need to know about selling on Flipkart?] but found [Services | Everything you need to know about selling on Flipkart?]
	at org.testng.Assert.fail(Assert.java:96)
	at org.testng.Assert.failNotEquals(Assert.java:776)
	at org.testng.Assert.assertEqualsImpl(Assert.java:137)
	at org.testng.Assert.assertEquals(Assert.java:118)
	at org.testng.Assert.assertEquals(Assert.java:453)
	at org.testng.Assert.assertEquals(Assert.java:463)
	at com.Assignment.tests.ServicesTest.invalidService(ServicesTest.java:45)
	at java.base/jdk.internal.reflect.NativeMethodAccessorImpl.invoke0(Native Method)
	at java.base/jdk.internal.reflect.NativeMethodAccessorImpl.invoke(NativeMethodAccessorImpl.java:62)
	at java.base/jdk.internal.reflect.DelegatingMethodAccessorImpl.invoke(DelegatingMethodAccessorImpl.java:43)
	at java.base/java.lang.reflect.Method.invoke(Method.java:566)
	at org.testng.internal.MethodInvocationHelper.invokeMethod(MethodInvocationHelper.java:124)
	at org.testng.internal.Invoker.invokeMethod(Invoker.java:583)
	at org.testng.internal.Invoker.invokeTestMethod(Invoker.java:719)
	at org.testng.internal.Invoker.invokeTestMethods(Invoker.java:989)
	at org.testng.internal.TestMethodWorker.invokeTestMethods(TestMethodWorker.java:125)
	at org.testng.internal.TestMethodWorker.run(TestMethodWorker.java:109)
	at org.testng.TestRunner.privateRun(TestRunner.java:648)
	at org.testng.TestRunner.run(TestRunner.java:505)
	at org.testng.SuiteRunner.runTest(SuiteRunner.java:455)
	at org.testng.SuiteRunner.runSequentially(SuiteRunner.java:450)
	at org.testng.SuiteRunner.privateRun(SuiteRunner.java:415)
	at org.testng.SuiteRunner.run(SuiteRunner.java:364)
	at org.testng.SuiteRunnerWorker.runSuite(SuiteRunnerWorker.java:52)
	at org.testng.SuiteRunnerWorker.run(SuiteRunnerWorker.java:84)
	at org.testng.TestNG.runSuitesSequentially(TestNG.java:1208)
	at org.testng.TestNG.runSuitesLocally(TestNG.java:1137)
	at org.testng.TestNG.runSuites(TestNG.java:1049)
	at org.testng.TestNG.run(TestNG.java:1017)
	at org.testng.remote.AbstractRemoteTestNG.run(AbstractRemoteTestNG.java:115)
	at org.testng.remote.RemoteTestNG.initAndRun(RemoteTestNG.java:251)
	at org.testng.remote.RemoteTestNG.main(RemoteTestNG.java:77)
</pre></div></td>
<td>5</td>
<td>com.Assignment.tests.ServicesTest@3cc1435c</td></tr>
<tr>
<td title='com.Assignment.tests.ShopsyTest.invalidShopsy()'><b>invalidShopsy</b><br>Test class: com.Assignment.tests.ShopsyTest</td>
<td><div><pre>java.lang.AssertionError: expected [Flipkart top sellers] but found [ShopsyPage | Flipkart top sellers]
	at com.Assignment.tests.ShopsyTest.invalidShopsy(ShopsyTest.java:41)
... Removed 31 stack frames</pre></div><a href='#' onClick='toggleBox("stack-trace2063309971", this, "Click to show all stack frames", "Click to hide stack frames")'>Click to show all stack frames</a>
<div class='stack-trace' id='stack-trace2063309971'><pre>java.lang.AssertionError: expected [Flipkart top sellers] but found [ShopsyPage | Flipkart top sellers]
	at org.testng.Assert.fail(Assert.java:96)
	at org.testng.Assert.failNotEquals(Assert.java:776)
	at org.testng.Assert.assertEqualsImpl(Assert.java:137)
	at org.testng.Assert.assertEquals(Assert.java:118)
	at org.testng.Assert.assertEquals(Assert.java:453)
	at org.testng.Assert.assertEquals(Assert.java:463)
	at com.Assignment.tests.ShopsyTest.invalidShopsy(ShopsyTest.java:41)
	at java.base/jdk.internal.reflect.NativeMethodAccessorImpl.invoke0(Native Method)
	at java.base/jdk.internal.reflect.NativeMethodAccessorImpl.invoke(NativeMethodAccessorImpl.java:62)
	at java.base/jdk.internal.reflect.DelegatingMethodAccessorImpl.invoke(DelegatingMethodAccessorImpl.java:43)
	at java.base/java.lang.reflect.Method.invoke(Method.java:566)
	at org.testng.internal.MethodInvocationHelper.invokeMethod(MethodInvocationHelper.java:124)
	at org.testng.internal.Invoker.invokeMethod(Invoker.java:583)
	at org.testng.internal.Invoker.invokeTestMethod(Invoker.java:719)
	at org.testng.internal.Invoker.invokeTestMethods(Invoker.java:989)
	at org.testng.internal.TestMethodWorker.invokeTestMethods(TestMethodWorker.java:125)
	at org.testng.internal.TestMethodWorker.run(TestMethodWorker.java:109)
	at org.testng.TestRunner.privateRun(TestRunner.java:648)
	at org.testng.TestRunner.run(TestRunner.java:505)
	at org.testng.SuiteRunner.runTest(SuiteRunner.java:455)
	at org.testng.SuiteRunner.runSequentially(SuiteRunner.java:450)
	at org.testng.SuiteRunner.privateRun(SuiteRunner.java:415)
	at org.testng.SuiteRunner.run(SuiteRunner.java:364)
	at org.testng.SuiteRunnerWorker.runSuite(SuiteRunnerWorker.java:52)
	at org.testng.SuiteRunnerWorker.run(SuiteRunnerWorker.java:84)
	at org.testng.TestNG.runSuitesSequentially(TestNG.java:1208)
	at org.testng.TestNG.runSuitesLocally(TestNG.java:1137)
	at org.testng.TestNG.runSuites(TestNG.java:1049)
	at org.testng.TestNG.run(TestNG.java:1017)
	at org.testng.remote.AbstractRemoteTestNG.run(AbstractRemoteTestNG.java:115)
	at org.testng.remote.RemoteTestNG.initAndRun(RemoteTestNG.java:251)
	at org.testng.remote.RemoteTestNG.main(RemoteTestNG.java:77)
</pre></div></td>
<td>4</td>
<td>com.Assignment.tests.ShopsyTest@dd0c991</td></tr>
</table><p>
<table width='100%' border='1' class='invocation-passed'>
<tr><td colspan='4' align='center'><b>PASSED TESTS</b></td></tr>
<tr><td><b>Test method</b></td>
<td width="30%"><b>Exception</b></td>
<td width="10%"><b>Time (seconds)</b></td>
<td><b>Instance</b></td>
</tr>
<tr>
<td title='com.Assignment.tests.CartTest.Cart()'><b>Cart</b><br>Test class: com.Assignment.tests.CartTest</td>
<td></td>
<td>7</td>
<td>com.Assignment.tests.CartTest@71c3b41</td></tr>
<tr>
<td title='com.Assignment.tests.CompareTest.Compared()'><b>Compared</b><br>Test class: com.Assignment.tests.CompareTest</td>
<td></td>
<td>6</td>
<td>com.Assignment.tests.CompareTest@3943a2be</td></tr>
<tr>
<td title='com.Assignment.tests.CustomerTest.CustomerCare()'><b>CustomerCare</b><br>Test class: com.Assignment.tests.CustomerTest</td>
<td></td>
<td>1</td>
<td>com.Assignment.tests.CustomerTest@574b560f</td></tr>
<tr>
<td title='com.Assignment.tests.FeeStructureTest.Fees()'><b>Fees</b><br>Test class: com.Assignment.tests.FeeStructureTest</td>
<td></td>
<td>5</td>
<td>com.Assignment.tests.FeeStructureTest@28975c28</td></tr>
<tr>
<td title='com.Assignment.tests.LoginTest.Login()'><b>Login</b><br>Test class: com.Assignment.tests.LoginTest</td>
<td></td>
<td>4</td>
<td>com.Assignment.tests.LoginTest@45ca843</td></tr>
<tr>
<td title='com.Assignment.tests.offerZoneTest.Offer()'><b>Offer</b><br>Test class: com.Assignment.tests.offerZoneTest</td>
<td></td>
<td>1</td>
<td>com.Assignment.tests.offerZoneTest@ba54932</td></tr>
<tr>
<td title='com.Assignment.tests.RewardStoreTest.Reward()'><b>Reward</b><br>Test class: com.Assignment.tests.RewardStoreTest</td>
<td></td>
<td>1</td>
<td>com.Assignment.tests.RewardStoreTest@343570b7</td></tr>
<tr>
<td title='com.Assignment.tests.SellOnTest.SellOnFlip()'><b>SellOnFlip</b><br>Test class: com.Assignment.tests.SellOnTest</td>
<td></td>
<td>4</td>
<td>com.Assignment.tests.SellOnTest@36b4fe2a</td></tr>
<tr>
<td title='com.Assignment.tests.FaqTest.SellOnFlip()'><b>SellOnFlip</b><br>Test class: com.Assignment.tests.FaqTest</td>
<td></td>
<td>4</td>
<td>com.Assignment.tests.FaqTest@6bf0219d</td></tr>
<tr>
<td title='com.Assignment.tests.ServicesTest.Service()'><b>Service</b><br>Test class: com.Assignment.tests.ServicesTest</td>
<td></td>
<td>5</td>
<td>com.Assignment.tests.ServicesTest@3cc1435c</td></tr>
<tr>
<td title='com.Assignment.tests.ShopsyTest.Shopsy()'><b>Shopsy</b><br>Test class: com.Assignment.tests.ShopsyTest</td>
<td></td>
<td>5</td>
<td>com.Assignment.tests.ShopsyTest@dd0c991</td></tr>
<tr>
<td title='com.Assignment.tests.TravelTest.Travel()'><b>Travel</b><br>Test class: com.Assignment.tests.TravelTest</td>
<td></td>
<td>0</td>
<td>com.Assignment.tests.TravelTest@157853da</td></tr>
<tr>
<td title='com.Assignment.tests.DownloadAppTest.downloadApp()'><b>downloadApp</b><br>Test class: com.Assignment.tests.DownloadAppTest</td>
<td></td>
<td>0</td>
<td>com.Assignment.tests.DownloadAppTest@757acd7b</td></tr>
<tr>
<td title='com.Assignment.tests.SearchTest.inValidSearch()'><b>inValidSearch</b><br>Test class: com.Assignment.tests.SearchTest</td>
<td></td>
<td>0</td>
<td>com.Assignment.tests.SearchTest@11c9af63</td></tr>
<tr>
<td title='com.Assignment.tests.PlacedOrderTest.placedOrder()'><b>placedOrder</b><br>Test class: com.Assignment.tests.PlacedOrderTest</td>
<td></td>
<td>10</td>
<td>com.Assignment.tests.PlacedOrderTest@236e3f4e</td></tr>
<tr>
<td title='com.Assignment.tests.SearchTest.validSearch()'><b>validSearch</b><br>Test class: com.Assignment.tests.SearchTest</td>
<td></td>
<td>0</td>
<td>com.Assignment.tests.SearchTest@11c9af63</td></tr>
</table><p>
</body>
</html>