<?xml version="1.0" encoding="UTF-8"?>
<!-- Generated by org.testng.reporters.JUnitXMLReporter -->
<testsuite ignored="28" hostname="qaiffeeazim" failures="4" tests="20" name="Test" time="195.03" errors="0" timestamp="08 Feb 2022 04:52:49 GMT">
  <testcase classname="com.Assignment.tests.LoginTest" name="Login" time="4.612"/>
  <testcase classname="com.Assignment.tests.LoginTest" name="inValidLogin" time="0.74">
    <failure type="java.lang.AssertionError" message="expected [Shopping Site for Mobiles, Electronics, Furniture, Grocery, Lifestyle, Books &amp;amp; More. Best Offers!] but found [Online Shopping Site for Mobiles, Electronics, Furniture, Grocery, Lifestyle, Books &amp;amp; More. Best Offers!]">
      <![CDATA[java.lang.AssertionError: expected [Shopping Site for Mobiles, Electronics, Furniture, Grocery, Lifestyle, Books & More. Best Offers!] but found [Online Shopping Site for Mobiles, Electronics, Furniture, Grocery, Lifestyle, Books & More. Best Offers!]
at com.Assignment.tests.LoginTest.inValidLogin(LoginTest.java:49)
... Removed 31 stack frames]]>
    </failure>
  </testcase> <!-- inValidLogin -->
  <testcase classname="com.Assignment.tests.SearchTest" name="inValidSearch" time="0.744"/>
  <testcase classname="com.Assignment.tests.SearchTest" name="validSearch" time="0.772"/>
  <testcase classname="com.Assignment.tests.DownloadAppTest" name="downloadApp" time="0.604"/>
  <testcase classname="com.Assignment.tests.SellOnTest" name="InvalidsellOnFlip" time="6.097">
    <failure type="java.lang.AssertionError" message="expected [Online on Flipkart | Grow your business with the leader in Indian e-commerce] but found [Sell Online on Flipkart | Grow your business with the leader in Indian e-commerce]">
      <![CDATA[java.lang.AssertionError: expected [Online on Flipkart | Grow your business with the leader in Indian e-commerce] but found [Sell Online on Flipkart | Grow your business with the leader in Indian e-commerce]
at com.Assignment.tests.SellOnTest.InvalidsellOnFlip(SellOnTest.java:40)
... Removed 31 stack frames]]>
    </failure>
  </testcase> <!-- InvalidsellOnFlip -->
  <testcase classname="com.Assignment.tests.SellOnTest" name="SellOnFlip" time="4.736"/>
  <testcase classname="com.Assignment.tests.CustomerTest" name="CustomerCare" time="1.713"/>
  <testcase classname="com.Assignment.tests.offerZoneTest" name="Offer" time="1.526"/>
  <testcase classname="com.Assignment.tests.FeeStructureTest" name="Fees" time="5.185"/>
  <testcase classname="com.Assignment.tests.CompareTest" name="Compared" time="6.056"/>
  <testcase classname="com.Assignment.tests.RewardStoreTest" name="Reward" time="1.657"/>
  <testcase classname="com.Assignment.tests.TravelTest" name="Travel" time="0.804"/>
  <testcase classname="com.Assignment.tests.CartTest" name="Cart" time="7.723"/>
  <testcase classname="com.Assignment.tests.PlacedOrderTest" name="placedOrder" time="10.183"/>
  <testcase classname="com.Assignment.tests.ServicesTest" name="Service" time="5.855"/>
  <testcase classname="com.Assignment.tests.ServicesTest" name="invalidService" time="5.644">
    <failure type="java.lang.AssertionError" message="expected [Everything you need to know about selling on Flipkart?] but found [Services | Everything you need to know about selling on Flipkart?]">
      <![CDATA[java.lang.AssertionError: expected [Everything you need to know about selling on Flipkart?] but found [Services | Everything you need to know about selling on Flipkart?]
at com.Assignment.tests.ServicesTest.invalidService(ServicesTest.java:45)
... Removed 31 stack frames]]>
    </failure>
  </testcase> <!-- invalidService -->
  <testcase classname="com.Assignment.tests.FaqTest" name="SellOnFlip" time="4.918"/>
  <testcase classname="com.Assignment.tests.ShopsyTest" name="Shopsy" time="5.167"/>
  <testcase classname="com.Assignment.tests.ShopsyTest" name="invalidShopsy" time="4.905">
    <failure type="java.lang.AssertionError" message="expected [Flipkart top sellers] but found [ShopsyPage | Flipkart top sellers]">
      <![CDATA[java.lang.AssertionError: expected [Flipkart top sellers] but found [ShopsyPage | Flipkart top sellers]
at com.Assignment.tests.ShopsyTest.invalidShopsy(ShopsyTest.java:41)
... Removed 31 stack frames]]>
    </failure>
  </testcase> <!-- invalidShopsy -->
  <testcase classname="com.Assignment.tests.BaseTest" name="@AfterSuite endReport" time="0.0">
    <ignored/>
  </testcase> <!-- @AfterSuite endReport -->
  <testcase classname="com.Assignment.tests.BaseTest" name="@AfterSuite endReport" time="0.0">
    <ignored/>
  </testcase> <!-- @AfterSuite endReport -->
  <testcase classname="com.Assignment.tests.BaseTest" name="@AfterSuite endReport" time="0.0">
    <ignored/>
  </testcase> <!-- @AfterSuite endReport -->
  <testcase classname="com.Assignment.tests.BaseTest" name="@AfterSuite endReport" time="0.0">
    <ignored/>
  </testcase> <!-- @AfterSuite endReport -->
  <testcase classname="com.Assignment.tests.BaseTest" name="@AfterSuite endReport" time="0.0">
    <ignored/>
  </testcase> <!-- @AfterSuite endReport -->
  <testcase classname="com.Assignment.tests.BaseTest" name="@AfterSuite endReport" time="0.0">
    <ignored/>
  </testcase> <!-- @AfterSuite endReport -->
  <testcase classname="com.Assignment.tests.BaseTest" name="@AfterSuite endReport" time="0.0">
    <ignored/>
  </testcase> <!-- @AfterSuite endReport -->
  <testcase classname="com.Assignment.tests.BaseTest" name="@AfterSuite endReport" time="0.0">
    <ignored/>
  </testcase> <!-- @AfterSuite endReport -->
  <testcase classname="com.Assignment.tests.BaseTest" name="@AfterSuite endReport" time="0.0">
    <ignored/>
  </testcase> <!-- @AfterSuite endReport -->
  <testcase classname="com.Assignment.tests.BaseTest" name="@AfterSuite endReport" time="0.0">
    <ignored/>
  </testcase> <!-- @AfterSuite endReport -->
  <testcase classname="com.Assignment.tests.BaseTest" name="@AfterSuite endReport" time="0.0">
    <ignored/>
  </testcase> <!-- @AfterSuite endReport -->
  <testcase classname="com.Assignment.tests.BaseTest" name="@AfterSuite endReport" time="0.0">
    <ignored/>
  </testcase> <!-- @AfterSuite endReport -->
  <testcase classname="com.Assignment.tests.BaseTest" name="@AfterSuite endReport" time="0.0">
    <ignored/>
  </testcase> <!-- @AfterSuite endReport -->
  <testcase classname="com.Assignment.tests.BaseTest" name="@AfterSuite endReport" time="0.0">
    <ignored/>
  </testcase> <!-- @AfterSuite endReport -->
  <testcase classname="com.Assignment.tests.BaseTest" name="@BeforeSuite setExtent" time="0.0">
    <ignored/>
  </testcase> <!-- @BeforeSuite setExtent -->
  <testcase classname="com.Assignment.tests.BaseTest" name="@BeforeSuite setExtent" time="0.0">
    <ignored/>
  </testcase> <!-- @BeforeSuite setExtent -->
  <testcase classname="com.Assignment.tests.BaseTest" name="@BeforeSuite setExtent" time="0.0">
    <ignored/>
  </testcase> <!-- @BeforeSuite setExtent -->
  <testcase classname="com.Assignment.tests.BaseTest" name="@BeforeSuite setExtent" time="0.0">
    <ignored/>
  </testcase> <!-- @BeforeSuite setExtent -->
  <testcase classname="com.Assignment.tests.BaseTest" name="@BeforeSuite setExtent" time="0.0">
    <ignored/>
  </testcase> <!-- @BeforeSuite setExtent -->
  <testcase classname="com.Assignment.tests.BaseTest" name="@BeforeSuite setExtent" time="0.0">
    <ignored/>
  </testcase> <!-- @BeforeSuite setExtent -->
  <testcase classname="com.Assignment.tests.BaseTest" name="@BeforeSuite setExtent" time="0.0">
    <ignored/>
  </testcase> <!-- @BeforeSuite setExtent -->
  <testcase classname="com.Assignment.tests.BaseTest" name="@BeforeSuite setExtent" time="0.0">
    <ignored/>
  </testcase> <!-- @BeforeSuite setExtent -->
  <testcase classname="com.Assignment.tests.BaseTest" name="@BeforeSuite setExtent" time="0.0">
    <ignored/>
  </testcase> <!-- @BeforeSuite setExtent -->
  <testcase classname="com.Assignment.tests.BaseTest" name="@BeforeSuite setExtent" time="0.0">
    <ignored/>
  </testcase> <!-- @BeforeSuite setExtent -->
  <testcase classname="com.Assignment.tests.BaseTest" name="@BeforeSuite setExtent" time="0.0">
    <ignored/>
  </testcase> <!-- @BeforeSuite setExtent -->
  <testcase classname="com.Assignment.tests.BaseTest" name="@BeforeSuite setExtent" time="0.0">
    <ignored/>
  </testcase> <!-- @BeforeSuite setExtent -->
  <testcase classname="com.Assignment.tests.BaseTest" name="@BeforeSuite setExtent" time="0.0">
    <ignored/>
  </testcase> <!-- @BeforeSuite setExtent -->
  <testcase classname="com.Assignment.tests.BaseTest" name="@BeforeSuite setExtent" time="0.0">
    <ignored/>
  </testcase> <!-- @BeforeSuite setExtent -->
</testsuite> <!-- Test -->
