<?xml version="1.0" encoding="UTF-8"?>
<testng-results ignored="28" total="48" passed="16" failed="4" skipped="0">
  <reporter-output>
  </reporter-output>
  <suite started-at="2022-02-08T04:49:34Z" name="Suite" finished-at="2022-02-08T04:52:49Z" duration-ms="195030">
    <groups>
      <group name="App">
        <method signature="DownloadAppTest.downloadApp()[pri:0, instance:com.Assignment.tests.DownloadAppTest@757acd7b]" name="downloadApp" class="com.Assignment.tests.DownloadAppTest"/>
      </group> <!-- App -->
      <group name="Order">
        <method signature="PlacedOrderTest.placedOrder()[pri:0, instance:com.Assignment.tests.PlacedOrderTest@236e3f4e]" name="placedOrder" class="com.Assignment.tests.PlacedOrderTest"/>
      </group> <!-- Order -->
      <group name="fee">
        <method signature="FeeStructureTest.Fees()[pri:0, instance:com.Assignment.tests.FeeStructureTest@28975c28]" name="Fees" class="com.Assignment.tests.FeeStructureTest"/>
      </group> <!-- fee -->
      <group name="Service">
        <method signature="ServicesTest.Service()[pri:0, instance:com.Assignment.tests.ServicesTest@3cc1435c]" name="Service" class="com.Assignment.tests.ServicesTest"/>
        <method signature="ServicesTest.invalidService()[pri:0, instance:com.Assignment.tests.ServicesTest@3cc1435c]" name="invalidService" class="com.Assignment.tests.ServicesTest"/>
      </group> <!-- Service -->
      <group name="Login">
        <method signature="LoginTest.Login()[pri:0, instance:com.Assignment.tests.LoginTest@45ca843]" name="Login" class="com.Assignment.tests.LoginTest"/>
        <method signature="LoginTest.inValidLogin()[pri:0, instance:com.Assignment.tests.LoginTest@45ca843]" name="inValidLogin" class="com.Assignment.tests.LoginTest"/>
      </group> <!-- Login -->
      <group name="Care">
        <method signature="CustomerTest.CustomerCare()[pri:0, instance:com.Assignment.tests.CustomerTest@574b560f]" name="CustomerCare" class="com.Assignment.tests.CustomerTest"/>
      </group> <!-- Care -->
      <group name="Shop">
        <method signature="ShopsyTest.Shopsy()[pri:0, instance:com.Assignment.tests.ShopsyTest@dd0c991]" name="Shopsy" class="com.Assignment.tests.ShopsyTest"/>
        <method signature="ShopsyTest.invalidShopsy()[pri:0, instance:com.Assignment.tests.ShopsyTest@dd0c991]" name="invalidShopsy" class="com.Assignment.tests.ShopsyTest"/>
      </group> <!-- Shop -->
      <group name="Sell">
        <method signature="SellOnTest.InvalidsellOnFlip()[pri:0, instance:com.Assignment.tests.SellOnTest@36b4fe2a]" name="InvalidsellOnFlip" class="com.Assignment.tests.SellOnTest"/>
        <method signature="SellOnTest.SellOnFlip()[pri:0, instance:com.Assignment.tests.SellOnTest@36b4fe2a]" name="SellOnFlip" class="com.Assignment.tests.SellOnTest"/>
      </group> <!-- Sell -->
      <group name="Offer">
        <method signature="offerZoneTest.Offer()[pri:0, instance:com.Assignment.tests.offerZoneTest@ba54932]" name="Offer" class="com.Assignment.tests.offerZoneTest"/>
      </group> <!-- Offer -->
      <group name="faq">
        <method signature="FaqTest.SellOnFlip()[pri:0, instance:com.Assignment.tests.FaqTest@6bf0219d]" name="SellOnFlip" class="com.Assignment.tests.FaqTest"/>
      </group> <!-- faq -->
      <group name="Search">
        <method signature="SearchTest.inValidSearch()[pri:0, instance:com.Assignment.tests.SearchTest@11c9af63]" name="inValidSearch" class="com.Assignment.tests.SearchTest"/>
        <method signature="SearchTest.validSearch()[pri:0, instance:com.Assignment.tests.SearchTest@11c9af63]" name="validSearch" class="com.Assignment.tests.SearchTest"/>
      </group> <!-- Search -->
      <group name="Compare">
        <method signature="CompareTest.Compared()[pri:0, instance:com.Assignment.tests.CompareTest@3943a2be]" name="Compared" class="com.Assignment.tests.CompareTest"/>
      </group> <!-- Compare -->
      <group name="Reward">
        <method signature="RewardStoreTest.Reward()[pri:0, instance:com.Assignment.tests.RewardStoreTest@343570b7]" name="Reward" class="com.Assignment.tests.RewardStoreTest"/>
      </group> <!-- Reward -->
      <group name="travel">
        <method signature="TravelTest.Travel()[pri:0, instance:com.Assignment.tests.TravelTest@157853da]" name="Travel" class="com.Assignment.tests.TravelTest"/>
      </group> <!-- travel -->
      <group name="Cart">
        <method signature="CartTest.Cart()[pri:0, instance:com.Assignment.tests.CartTest@71c3b41]" name="Cart" class="com.Assignment.tests.CartTest"/>
      </group> <!-- Cart -->
    </groups>
    <test started-at="2022-02-08T04:49:34Z" name="Test" finished-at="2022-02-08T04:52:49Z" duration-ms="195030">
      <class name="com.Assignment.tests.LoginTest">
        <test-method is-config="true" signature="setExtent()[pri:0, instance:com.Assignment.tests.LoginTest@45ca843]" started-at="2022-02-08T04:49:33Z" name="setExtent" finished-at="2022-02-08T04:49:34Z" duration-ms="268" status="PASS">
          <reporter-output>
          </reporter-output>
        </test-method> <!-- setExtent -->
        <test-method is-config="true" signature="initializeWebdriver()[pri:0, instance:com.Assignment.tests.LoginTest@45ca843]" started-at="2022-02-08T04:49:34Z" name="initializeWebdriver" finished-at="2022-02-08T04:49:36Z" duration-ms="2655" status="PASS">
          <reporter-output>
          </reporter-output>
        </test-method> <!-- initializeWebdriver -->
        <test-method is-config="true" signature="openUrl()[pri:0, instance:com.Assignment.tests.LoginTest@45ca843]" started-at="2022-02-08T04:49:36Z" name="openUrl" finished-at="2022-02-08T04:49:43Z" duration-ms="6351" status="PASS">
          <reporter-output>
          </reporter-output>
        </test-method> <!-- openUrl -->
        <test-method signature="Login()[pri:0, instance:com.Assignment.tests.LoginTest@45ca843]" started-at="2022-02-08T04:49:43Z" name="Login" finished-at="2022-02-08T04:49:47Z" duration-ms="4612" status="PASS">
          <reporter-output>
          </reporter-output>
        </test-method> <!-- Login -->
        <test-method is-config="true" signature="attachScreenshot(org.testng.ITestResult)[pri:0, instance:com.Assignment.tests.LoginTest@45ca843]" started-at="2022-02-08T04:49:47Z" name="attachScreenshot" finished-at="2022-02-08T04:49:47Z" duration-ms="9" status="PASS">
          <params>
            <param index="0">
              <value>
                <![CDATA[[TestResult name=Login status=SUCCESS method=LoginTest.Login()[pri:0, instance:com.Assignment.tests.LoginTest@45ca843] output={null}]]]>
              </value>
            </param>
          </params>
          <reporter-output>
          </reporter-output>
        </test-method> <!-- attachScreenshot -->
        <test-method is-config="true" signature="closeBrowser()[pri:0, instance:com.Assignment.tests.LoginTest@45ca843]" started-at="2022-02-08T04:49:47Z" name="closeBrowser" finished-at="2022-02-08T04:49:48Z" duration-ms="423" status="PASS">
          <reporter-output>
          </reporter-output>
        </test-method> <!-- closeBrowser -->
        <test-method is-config="true" signature="initializeWebdriver()[pri:0, instance:com.Assignment.tests.LoginTest@45ca843]" started-at="2022-02-08T04:49:48Z" name="initializeWebdriver" finished-at="2022-02-08T04:49:50Z" duration-ms="1833" status="PASS">
          <reporter-output>
          </reporter-output>
        </test-method> <!-- initializeWebdriver -->
        <test-method is-config="true" signature="openUrl()[pri:0, instance:com.Assignment.tests.LoginTest@45ca843]" started-at="2022-02-08T04:49:50Z" name="openUrl" finished-at="2022-02-08T04:49:53Z" duration-ms="3193" status="PASS">
          <reporter-output>
          </reporter-output>
        </test-method> <!-- openUrl -->
        <test-method signature="inValidLogin()[pri:0, instance:com.Assignment.tests.LoginTest@45ca843]" started-at="2022-02-08T04:49:53Z" name="inValidLogin" finished-at="2022-02-08T04:49:54Z" duration-ms="740" status="FAIL">
          <exception class="java.lang.AssertionError">
            <message>
              <![CDATA[expected [Shopping Site for Mobiles, Electronics, Furniture, Grocery, Lifestyle, Books & More. Best Offers!] but found [Online Shopping Site for Mobiles, Electronics, Furniture, Grocery, Lifestyle, Books & More. Best Offers!]]]>
            </message>
            <full-stacktrace>
              <![CDATA[java.lang.AssertionError: expected [Shopping Site for Mobiles, Electronics, Furniture, Grocery, Lifestyle, Books & More. Best Offers!] but found [Online Shopping Site for Mobiles, Electronics, Furniture, Grocery, Lifestyle, Books & More. Best Offers!]
at org.testng.Assert.fail(Assert.java:96)
at org.testng.Assert.failNotEquals(Assert.java:776)
at org.testng.Assert.assertEqualsImpl(Assert.java:137)
at org.testng.Assert.assertEquals(Assert.java:118)
at org.testng.Assert.assertEquals(Assert.java:453)
at org.testng.Assert.assertEquals(Assert.java:463)
at com.Assignment.tests.LoginTest.inValidLogin(LoginTest.java:49)
at java.base/jdk.internal.reflect.NativeMethodAccessorImpl.invoke0(Native Method)
at java.base/jdk.internal.reflect.NativeMethodAccessorImpl.invoke(NativeMethodAccessorImpl.java:62)
at java.base/jdk.internal.reflect.DelegatingMethodAccessorImpl.invoke(DelegatingMethodAccessorImpl.java:43)
at java.base/java.lang.reflect.Method.invoke(Method.java:566)
at org.testng.internal.MethodInvocationHelper.invokeMethod(MethodInvocationHelper.java:124)
at org.testng.internal.Invoker.invokeMethod(Invoker.java:583)
at org.testng.internal.Invoker.invokeTestMethod(Invoker.java:719)
at org.testng.internal.Invoker.invokeTestMethods(Invoker.java:989)
at org.testng.internal.TestMethodWorker.invokeTestMethods(TestMethodWorker.java:125)
at org.testng.internal.TestMethodWorker.run(TestMethodWorker.java:109)
at org.testng.TestRunner.privateRun(TestRunner.java:648)
at org.testng.TestRunner.run(TestRunner.java:505)
at org.testng.SuiteRunner.runTest(SuiteRunner.java:455)
at org.testng.SuiteRunner.runSequentially(SuiteRunner.java:450)
at org.testng.SuiteRunner.privateRun(SuiteRunner.java:415)
at org.testng.SuiteRunner.run(SuiteRunner.java:364)
at org.testng.SuiteRunnerWorker.runSuite(SuiteRunnerWorker.java:52)
at org.testng.SuiteRunnerWorker.run(SuiteRunnerWorker.java:84)
at org.testng.TestNG.runSuitesSequentially(TestNG.java:1208)
at org.testng.TestNG.runSuitesLocally(TestNG.java:1137)
at org.testng.TestNG.runSuites(TestNG.java:1049)
at org.testng.TestNG.run(TestNG.java:1017)
at org.testng.remote.AbstractRemoteTestNG.run(AbstractRemoteTestNG.java:115)
at org.testng.remote.RemoteTestNG.initAndRun(RemoteTestNG.java:251)
at org.testng.remote.RemoteTestNG.main(RemoteTestNG.java:77)
]]>
            </full-stacktrace>
          </exception> <!-- java.lang.AssertionError -->
          <reporter-output>
          </reporter-output>
        </test-method> <!-- inValidLogin -->
        <test-method is-config="true" signature="attachScreenshot(org.testng.ITestResult)[pri:0, instance:com.Assignment.tests.LoginTest@45ca843]" started-at="2022-02-08T04:49:54Z" name="attachScreenshot" finished-at="2022-02-08T04:49:54Z" duration-ms="480" status="PASS">
          <params>
            <param index="0">
              <value>
                <![CDATA[[TestResult name=inValidLogin status=FAILURE method=LoginTest.inValidLogin()[pri:0, instance:com.Assignment.tests.LoginTest@45ca843] output={null}]]]>
              </value>
            </param>
          </params>
          <reporter-output>
          </reporter-output>
        </test-method> <!-- attachScreenshot -->
        <test-method is-config="true" signature="closeBrowser()[pri:0, instance:com.Assignment.tests.LoginTest@45ca843]" started-at="2022-02-08T04:49:54Z" name="closeBrowser" finished-at="2022-02-08T04:49:54Z" duration-ms="205" status="PASS">
          <reporter-output>
          </reporter-output>
        </test-method> <!-- closeBrowser -->
        <test-method is-config="true" signature="endReport()[pri:0, instance:com.Assignment.tests.LoginTest@45ca843]" started-at="2022-02-08T04:52:49Z" name="endReport" finished-at="2022-02-08T04:52:49Z" duration-ms="532" status="PASS">
          <reporter-output>
          </reporter-output>
        </test-method> <!-- endReport -->
      </class> <!-- com.Assignment.tests.LoginTest -->
      <class name="com.Assignment.tests.CustomerTest">
        <test-method is-config="true" signature="initializeWebdriver()[pri:0, instance:com.Assignment.tests.CustomerTest@574b560f]" started-at="2022-02-08T04:50:37Z" name="initializeWebdriver" finished-at="2022-02-08T04:50:39Z" duration-ms="1835" status="PASS">
          <reporter-output>
          </reporter-output>
        </test-method> <!-- initializeWebdriver -->
        <test-method is-config="true" signature="openUrl()[pri:0, instance:com.Assignment.tests.CustomerTest@574b560f]" started-at="2022-02-08T04:50:39Z" name="openUrl" finished-at="2022-02-08T04:50:42Z" duration-ms="2974" status="PASS">
          <reporter-output>
          </reporter-output>
        </test-method> <!-- openUrl -->
        <test-method signature="CustomerCare()[pri:0, instance:com.Assignment.tests.CustomerTest@574b560f]" started-at="2022-02-08T04:50:42Z" name="CustomerCare" finished-at="2022-02-08T04:50:43Z" duration-ms="1713" status="PASS">
          <reporter-output>
          </reporter-output>
        </test-method> <!-- CustomerCare -->
        <test-method is-config="true" signature="closeBrowser()[pri:0, instance:com.Assignment.tests.CustomerTest@574b560f]" started-at="2022-02-08T04:50:43Z" name="closeBrowser" finished-at="2022-02-08T04:50:44Z" duration-ms="229" status="PASS">
          <reporter-output>
          </reporter-output>
        </test-method> <!-- closeBrowser -->
        <test-method is-config="true" signature="attachScreenshot(org.testng.ITestResult)[pri:0, instance:com.Assignment.tests.CustomerTest@574b560f]" started-at="2022-02-08T04:50:43Z" name="attachScreenshot" finished-at="2022-02-08T04:50:43Z" duration-ms="0" status="PASS">
          <params>
            <param index="0">
              <value>
                <![CDATA[[TestResult name=CustomerCare status=SUCCESS method=CustomerTest.CustomerCare()[pri:0, instance:com.Assignment.tests.CustomerTest@574b560f] output={null}]]]>
              </value>
            </param>
          </params>
          <reporter-output>
          </reporter-output>
        </test-method> <!-- attachScreenshot -->
      </class> <!-- com.Assignment.tests.CustomerTest -->
      <class name="com.Assignment.tests.PlacedOrderTest">
        <test-method is-config="true" signature="initializeWebdriver()[pri:0, instance:com.Assignment.tests.PlacedOrderTest@236e3f4e]" started-at="2022-02-08T04:51:37Z" name="initializeWebdriver" finished-at="2022-02-08T04:51:39Z" duration-ms="1789" status="PASS">
          <reporter-output>
          </reporter-output>
        </test-method> <!-- initializeWebdriver -->
        <test-method is-config="true" signature="openUrl()[pri:0, instance:com.Assignment.tests.PlacedOrderTest@236e3f4e]" started-at="2022-02-08T04:51:39Z" name="openUrl" finished-at="2022-02-08T04:51:42Z" duration-ms="3073" status="PASS">
          <reporter-output>
          </reporter-output>
        </test-method> <!-- openUrl -->
        <test-method signature="placedOrder()[pri:0, instance:com.Assignment.tests.PlacedOrderTest@236e3f4e]" started-at="2022-02-08T04:51:42Z" name="placedOrder" finished-at="2022-02-08T04:51:52Z" duration-ms="10183" status="PASS">
          <reporter-output>
          </reporter-output>
        </test-method> <!-- placedOrder -->
        <test-method is-config="true" signature="closeBrowser()[pri:0, instance:com.Assignment.tests.PlacedOrderTest@236e3f4e]" started-at="2022-02-08T04:51:52Z" name="closeBrowser" finished-at="2022-02-08T04:51:53Z" duration-ms="345" status="PASS">
          <reporter-output>
          </reporter-output>
        </test-method> <!-- closeBrowser -->
        <test-method is-config="true" signature="attachScreenshot(org.testng.ITestResult)[pri:0, instance:com.Assignment.tests.PlacedOrderTest@236e3f4e]" started-at="2022-02-08T04:51:52Z" name="attachScreenshot" finished-at="2022-02-08T04:51:52Z" duration-ms="0" status="PASS">
          <params>
            <param index="0">
              <value>
                <![CDATA[[TestResult name=placedOrder status=SUCCESS method=PlacedOrderTest.placedOrder()[pri:0, instance:com.Assignment.tests.PlacedOrderTest@236e3f4e] output={null}]]]>
              </value>
            </param>
          </params>
          <reporter-output>
          </reporter-output>
        </test-method> <!-- attachScreenshot -->
      </class> <!-- com.Assignment.tests.PlacedOrderTest -->
      <class name="com.Assignment.tests.SellOnTest">
        <test-method is-config="true" signature="initializeWebdriver()[pri:0, instance:com.Assignment.tests.SellOnTest@36b4fe2a]" started-at="2022-02-08T04:50:15Z" name="initializeWebdriver" finished-at="2022-02-08T04:50:17Z" duration-ms="1802" status="PASS">
          <reporter-output>
          </reporter-output>
        </test-method> <!-- initializeWebdriver -->
        <test-method is-config="true" signature="openUrl()[pri:0, instance:com.Assignment.tests.SellOnTest@36b4fe2a]" started-at="2022-02-08T04:50:17Z" name="openUrl" finished-at="2022-02-08T04:50:20Z" duration-ms="3005" status="PASS">
          <reporter-output>
          </reporter-output>
        </test-method> <!-- openUrl -->
        <test-method signature="InvalidsellOnFlip()[pri:0, instance:com.Assignment.tests.SellOnTest@36b4fe2a]" started-at="2022-02-08T04:50:20Z" name="InvalidsellOnFlip" finished-at="2022-02-08T04:50:26Z" duration-ms="6097" status="FAIL">
          <exception class="java.lang.AssertionError">
            <message>
              <![CDATA[expected [Online on Flipkart | Grow your business with the leader in Indian e-commerce] but found [Sell Online on Flipkart | Grow your business with the leader in Indian e-commerce]]]>
            </message>
            <full-stacktrace>
              <![CDATA[java.lang.AssertionError: expected [Online on Flipkart | Grow your business with the leader in Indian e-commerce] but found [Sell Online on Flipkart | Grow your business with the leader in Indian e-commerce]
at org.testng.Assert.fail(Assert.java:96)
at org.testng.Assert.failNotEquals(Assert.java:776)
at org.testng.Assert.assertEqualsImpl(Assert.java:137)
at org.testng.Assert.assertEquals(Assert.java:118)
at org.testng.Assert.assertEquals(Assert.java:453)
at org.testng.Assert.assertEquals(Assert.java:463)
at com.Assignment.tests.SellOnTest.InvalidsellOnFlip(SellOnTest.java:40)
at java.base/jdk.internal.reflect.NativeMethodAccessorImpl.invoke0(Native Method)
at java.base/jdk.internal.reflect.NativeMethodAccessorImpl.invoke(NativeMethodAccessorImpl.java:62)
at java.base/jdk.internal.reflect.DelegatingMethodAccessorImpl.invoke(DelegatingMethodAccessorImpl.java:43)
at java.base/java.lang.reflect.Method.invoke(Method.java:566)
at org.testng.internal.MethodInvocationHelper.invokeMethod(MethodInvocationHelper.java:124)
at org.testng.internal.Invoker.invokeMethod(Invoker.java:583)
at org.testng.internal.Invoker.invokeTestMethod(Invoker.java:719)
at org.testng.internal.Invoker.invokeTestMethods(Invoker.java:989)
at org.testng.internal.TestMethodWorker.invokeTestMethods(TestMethodWorker.java:125)
at org.testng.internal.TestMethodWorker.run(TestMethodWorker.java:109)
at org.testng.TestRunner.privateRun(TestRunner.java:648)
at org.testng.TestRunner.run(TestRunner.java:505)
at org.testng.SuiteRunner.runTest(SuiteRunner.java:455)
at org.testng.SuiteRunner.runSequentially(SuiteRunner.java:450)
at org.testng.SuiteRunner.privateRun(SuiteRunner.java:415)
at org.testng.SuiteRunner.run(SuiteRunner.java:364)
at org.testng.SuiteRunnerWorker.runSuite(SuiteRunnerWorker.java:52)
at org.testng.SuiteRunnerWorker.run(SuiteRunnerWorker.java:84)
at org.testng.TestNG.runSuitesSequentially(TestNG.java:1208)
at org.testng.TestNG.runSuitesLocally(TestNG.java:1137)
at org.testng.TestNG.runSuites(TestNG.java:1049)
at org.testng.TestNG.run(TestNG.java:1017)
at org.testng.remote.AbstractRemoteTestNG.run(AbstractRemoteTestNG.java:115)
at org.testng.remote.RemoteTestNG.initAndRun(RemoteTestNG.java:251)
at org.testng.remote.RemoteTestNG.main(RemoteTestNG.java:77)
]]>
            </full-stacktrace>
          </exception> <!-- java.lang.AssertionError -->
          <reporter-output>
          </reporter-output>
        </test-method> <!-- InvalidsellOnFlip -->
        <test-method is-config="true" signature="attachScreenshot(org.testng.ITestResult)[pri:0, instance:com.Assignment.tests.SellOnTest@36b4fe2a]" started-at="2022-02-08T04:50:26Z" name="attachScreenshot" finished-at="2022-02-08T04:50:27Z" duration-ms="470" status="PASS">
          <params>
            <param index="0">
              <value>
                <![CDATA[[TestResult name=InvalidsellOnFlip status=FAILURE method=SellOnTest.InvalidsellOnFlip()[pri:0, instance:com.Assignment.tests.SellOnTest@36b4fe2a] output={null}]]]>
              </value>
            </param>
          </params>
          <reporter-output>
          </reporter-output>
        </test-method> <!-- attachScreenshot -->
        <test-method is-config="true" signature="closeBrowser()[pri:0, instance:com.Assignment.tests.SellOnTest@36b4fe2a]" started-at="2022-02-08T04:50:27Z" name="closeBrowser" finished-at="2022-02-08T04:50:27Z" duration-ms="242" status="PASS">
          <reporter-output>
          </reporter-output>
        </test-method> <!-- closeBrowser -->
        <test-method is-config="true" signature="initializeWebdriver()[pri:0, instance:com.Assignment.tests.SellOnTest@36b4fe2a]" started-at="2022-02-08T04:50:27Z" name="initializeWebdriver" finished-at="2022-02-08T04:50:29Z" duration-ms="1833" status="PASS">
          <reporter-output>
          </reporter-output>
        </test-method> <!-- initializeWebdriver -->
        <test-method is-config="true" signature="openUrl()[pri:0, instance:com.Assignment.tests.SellOnTest@36b4fe2a]" started-at="2022-02-08T04:50:29Z" name="openUrl" finished-at="2022-02-08T04:50:32Z" duration-ms="3039" status="PASS">
          <reporter-output>
          </reporter-output>
        </test-method> <!-- openUrl -->
        <test-method signature="SellOnFlip()[pri:0, instance:com.Assignment.tests.SellOnTest@36b4fe2a]" started-at="2022-02-08T04:50:32Z" name="SellOnFlip" finished-at="2022-02-08T04:50:37Z" duration-ms="4736" status="PASS">
          <reporter-output>
          </reporter-output>
        </test-method> <!-- SellOnFlip -->
        <test-method is-config="true" signature="attachScreenshot(org.testng.ITestResult)[pri:0, instance:com.Assignment.tests.SellOnTest@36b4fe2a]" started-at="2022-02-08T04:50:37Z" name="attachScreenshot" finished-at="2022-02-08T04:50:37Z" duration-ms="0" status="PASS">
          <params>
            <param index="0">
              <value>
                <![CDATA[[TestResult name=SellOnFlip status=SUCCESS method=SellOnTest.SellOnFlip()[pri:0, instance:com.Assignment.tests.SellOnTest@36b4fe2a] output={null}]]]>
              </value>
            </param>
          </params>
          <reporter-output>
          </reporter-output>
        </test-method> <!-- attachScreenshot -->
        <test-method is-config="true" signature="closeBrowser()[pri:0, instance:com.Assignment.tests.SellOnTest@36b4fe2a]" started-at="2022-02-08T04:50:37Z" name="closeBrowser" finished-at="2022-02-08T04:50:37Z" duration-ms="289" status="PASS">
          <reporter-output>
          </reporter-output>
        </test-method> <!-- closeBrowser -->
      </class> <!-- com.Assignment.tests.SellOnTest -->
      <class name="com.Assignment.tests.TravelTest">
        <test-method is-config="true" signature="initializeWebdriver()[pri:0, instance:com.Assignment.tests.TravelTest@157853da]" started-at="2022-02-08T04:51:18Z" name="initializeWebdriver" finished-at="2022-02-08T04:51:20Z" duration-ms="1898" status="PASS">
          <reporter-output>
          </reporter-output>
        </test-method> <!-- initializeWebdriver -->
        <test-method is-config="true" signature="openUrl()[pri:0, instance:com.Assignment.tests.TravelTest@157853da]" started-at="2022-02-08T04:51:20Z" name="openUrl" finished-at="2022-02-08T04:51:23Z" duration-ms="2926" status="PASS">
          <reporter-output>
          </reporter-output>
        </test-method> <!-- openUrl -->
        <test-method signature="Travel()[pri:0, instance:com.Assignment.tests.TravelTest@157853da]" started-at="2022-02-08T04:51:23Z" name="Travel" finished-at="2022-02-08T04:51:24Z" duration-ms="804" status="PASS">
          <reporter-output>
          </reporter-output>
        </test-method> <!-- Travel -->
        <test-method is-config="true" signature="attachScreenshot(org.testng.ITestResult)[pri:0, instance:com.Assignment.tests.TravelTest@157853da]" started-at="2022-02-08T04:51:24Z" name="attachScreenshot" finished-at="2022-02-08T04:51:24Z" duration-ms="0" status="PASS">
          <params>
            <param index="0">
              <value>
                <![CDATA[[TestResult name=Travel status=SUCCESS method=TravelTest.Travel()[pri:0, instance:com.Assignment.tests.TravelTest@157853da] output={null}]]]>
              </value>
            </param>
          </params>
          <reporter-output>
          </reporter-output>
        </test-method> <!-- attachScreenshot -->
        <test-method is-config="true" signature="closeBrowser()[pri:0, instance:com.Assignment.tests.TravelTest@157853da]" started-at="2022-02-08T04:51:24Z" name="closeBrowser" finished-at="2022-02-08T04:51:24Z" duration-ms="250" status="PASS">
          <reporter-output>
          </reporter-output>
        </test-method> <!-- closeBrowser -->
      </class> <!-- com.Assignment.tests.TravelTest -->
      <class name="com.Assignment.tests.CompareTest">
        <test-method is-config="true" signature="initializeWebdriver()[pri:0, instance:com.Assignment.tests.CompareTest@3943a2be]" started-at="2022-02-08T04:51:00Z" name="initializeWebdriver" finished-at="2022-02-08T04:51:02Z" duration-ms="1994" status="PASS">
          <reporter-output>
          </reporter-output>
        </test-method> <!-- initializeWebdriver -->
        <test-method is-config="true" signature="openUrl()[pri:0, instance:com.Assignment.tests.CompareTest@3943a2be]" started-at="2022-02-08T04:51:02Z" name="openUrl" finished-at="2022-02-08T04:51:05Z" duration-ms="2900" status="PASS">
          <reporter-output>
          </reporter-output>
        </test-method> <!-- openUrl -->
        <test-method signature="Compared()[pri:0, instance:com.Assignment.tests.CompareTest@3943a2be]" started-at="2022-02-08T04:51:05Z" name="Compared" finished-at="2022-02-08T04:51:11Z" duration-ms="6056" status="PASS">
          <reporter-output>
          </reporter-output>
        </test-method> <!-- Compared -->
        <test-method is-config="true" signature="closeBrowser()[pri:0, instance:com.Assignment.tests.CompareTest@3943a2be]" started-at="2022-02-08T04:51:11Z" name="closeBrowser" finished-at="2022-02-08T04:51:11Z" duration-ms="213" status="PASS">
          <reporter-output>
          </reporter-output>
        </test-method> <!-- closeBrowser -->
        <test-method is-config="true" signature="attachScreenshot(org.testng.ITestResult)[pri:0, instance:com.Assignment.tests.CompareTest@3943a2be]" started-at="2022-02-08T04:51:11Z" name="attachScreenshot" finished-at="2022-02-08T04:51:11Z" duration-ms="0" status="PASS">
          <params>
            <param index="0">
              <value>
                <![CDATA[[TestResult name=Compared status=SUCCESS method=CompareTest.Compared()[pri:0, instance:com.Assignment.tests.CompareTest@3943a2be] output={null}]]]>
              </value>
            </param>
          </params>
          <reporter-output>
          </reporter-output>
        </test-method> <!-- attachScreenshot -->
      </class> <!-- com.Assignment.tests.CompareTest -->
      <class name="com.Assignment.tests.FeeStructureTest">
        <test-method is-config="true" signature="initializeWebdriver()[pri:0, instance:com.Assignment.tests.FeeStructureTest@28975c28]" started-at="2022-02-08T04:50:50Z" name="initializeWebdriver" finished-at="2022-02-08T04:50:52Z" duration-ms="1802" status="PASS">
          <reporter-output>
          </reporter-output>
        </test-method> <!-- initializeWebdriver -->
        <test-method is-config="true" signature="openUrl()[pri:0, instance:com.Assignment.tests.FeeStructureTest@28975c28]" started-at="2022-02-08T04:50:52Z" name="openUrl" finished-at="2022-02-08T04:50:55Z" duration-ms="2999" status="PASS">
          <reporter-output>
          </reporter-output>
        </test-method> <!-- openUrl -->
        <test-method signature="Fees()[pri:0, instance:com.Assignment.tests.FeeStructureTest@28975c28]" started-at="2022-02-08T04:50:55Z" name="Fees" finished-at="2022-02-08T04:51:00Z" duration-ms="5185" status="PASS">
          <reporter-output>
          </reporter-output>
        </test-method> <!-- Fees -->
        <test-method is-config="true" signature="attachScreenshot(org.testng.ITestResult)[pri:0, instance:com.Assignment.tests.FeeStructureTest@28975c28]" started-at="2022-02-08T04:51:00Z" name="attachScreenshot" finished-at="2022-02-08T04:51:00Z" duration-ms="0" status="PASS">
          <params>
            <param index="0">
              <value>
                <![CDATA[[TestResult name=Fees status=SUCCESS method=FeeStructureTest.Fees()[pri:0, instance:com.Assignment.tests.FeeStructureTest@28975c28] output={null}]]]>
              </value>
            </param>
          </params>
          <reporter-output>
          </reporter-output>
        </test-method> <!-- attachScreenshot -->
        <test-method is-config="true" signature="closeBrowser()[pri:0, instance:com.Assignment.tests.FeeStructureTest@28975c28]" started-at="2022-02-08T04:51:00Z" name="closeBrowser" finished-at="2022-02-08T04:51:00Z" duration-ms="386" status="PASS">
          <reporter-output>
          </reporter-output>
        </test-method> <!-- closeBrowser -->
      </class> <!-- com.Assignment.tests.FeeStructureTest -->
      <class name="com.Assignment.tests.RewardStoreTest">
        <test-method is-config="true" signature="initializeWebdriver()[pri:0, instance:com.Assignment.tests.RewardStoreTest@343570b7]" started-at="2022-02-08T04:51:11Z" name="initializeWebdriver" finished-at="2022-02-08T04:51:14Z" duration-ms="2119" status="PASS">
          <reporter-output>
          </reporter-output>
        </test-method> <!-- initializeWebdriver -->
        <test-method is-config="true" signature="openUrl()[pri:0, instance:com.Assignment.tests.RewardStoreTest@343570b7]" started-at="2022-02-08T04:51:14Z" name="openUrl" finished-at="2022-02-08T04:51:17Z" duration-ms="3028" status="PASS">
          <reporter-output>
          </reporter-output>
        </test-method> <!-- openUrl -->
        <test-method signature="Reward()[pri:0, instance:com.Assignment.tests.RewardStoreTest@343570b7]" started-at="2022-02-08T04:51:17Z" name="Reward" finished-at="2022-02-08T04:51:18Z" duration-ms="1657" status="PASS">
          <reporter-output>
          </reporter-output>
        </test-method> <!-- Reward -->
        <test-method is-config="true" signature="closeBrowser()[pri:0, instance:com.Assignment.tests.RewardStoreTest@343570b7]" started-at="2022-02-08T04:51:18Z" name="closeBrowser" finished-at="2022-02-08T04:51:18Z" duration-ms="135" status="PASS">
          <reporter-output>
          </reporter-output>
        </test-method> <!-- closeBrowser -->
        <test-method is-config="true" signature="attachScreenshot(org.testng.ITestResult)[pri:0, instance:com.Assignment.tests.RewardStoreTest@343570b7]" started-at="2022-02-08T04:51:18Z" name="attachScreenshot" finished-at="2022-02-08T04:51:18Z" duration-ms="0" status="PASS">
          <params>
            <param index="0">
              <value>
                <![CDATA[[TestResult name=Reward status=SUCCESS method=RewardStoreTest.Reward()[pri:0, instance:com.Assignment.tests.RewardStoreTest@343570b7] output={null}]]]>
              </value>
            </param>
          </params>
          <reporter-output>
          </reporter-output>
        </test-method> <!-- attachScreenshot -->
      </class> <!-- com.Assignment.tests.RewardStoreTest -->
      <class name="com.Assignment.tests.FaqTest">
        <test-method is-config="true" signature="initializeWebdriver()[pri:0, instance:com.Assignment.tests.FaqTest@6bf0219d]" started-at="2022-02-08T04:52:18Z" name="initializeWebdriver" finished-at="2022-02-08T04:52:20Z" duration-ms="1843" status="PASS">
          <reporter-output>
          </reporter-output>
        </test-method> <!-- initializeWebdriver -->
        <test-method is-config="true" signature="openUrl()[pri:0, instance:com.Assignment.tests.FaqTest@6bf0219d]" started-at="2022-02-08T04:52:20Z" name="openUrl" finished-at="2022-02-08T04:52:23Z" duration-ms="3118" status="PASS">
          <reporter-output>
          </reporter-output>
        </test-method> <!-- openUrl -->
        <test-method signature="SellOnFlip()[pri:0, instance:com.Assignment.tests.FaqTest@6bf0219d]" started-at="2022-02-08T04:52:23Z" name="SellOnFlip" finished-at="2022-02-08T04:52:28Z" duration-ms="4918" status="PASS">
          <reporter-output>
          </reporter-output>
        </test-method> <!-- SellOnFlip -->
        <test-method is-config="true" signature="attachScreenshot(org.testng.ITestResult)[pri:0, instance:com.Assignment.tests.FaqTest@6bf0219d]" started-at="2022-02-08T04:52:28Z" name="attachScreenshot" finished-at="2022-02-08T04:52:28Z" duration-ms="0" status="PASS">
          <params>
            <param index="0">
              <value>
                <![CDATA[[TestResult name=SellOnFlip status=SUCCESS method=FaqTest.SellOnFlip()[pri:0, instance:com.Assignment.tests.FaqTest@6bf0219d] output={null}]]]>
              </value>
            </param>
          </params>
          <reporter-output>
          </reporter-output>
        </test-method> <!-- attachScreenshot -->
        <test-method is-config="true" signature="closeBrowser()[pri:0, instance:com.Assignment.tests.FaqTest@6bf0219d]" started-at="2022-02-08T04:52:28Z" name="closeBrowser" finished-at="2022-02-08T04:52:28Z" duration-ms="273" status="PASS">
          <reporter-output>
          </reporter-output>
        </test-method> <!-- closeBrowser -->
      </class> <!-- com.Assignment.tests.FaqTest -->
      <class name="com.Assignment.tests.ShopsyTest">
        <test-method is-config="true" signature="initializeWebdriver()[pri:0, instance:com.Assignment.tests.ShopsyTest@dd0c991]" started-at="2022-02-08T04:52:28Z" name="initializeWebdriver" finished-at="2022-02-08T04:52:30Z" duration-ms="1822" status="PASS">
          <reporter-output>
          </reporter-output>
        </test-method> <!-- initializeWebdriver -->
        <test-method is-config="true" signature="openUrl()[pri:0, instance:com.Assignment.tests.ShopsyTest@dd0c991]" started-at="2022-02-08T04:52:30Z" name="openUrl" finished-at="2022-02-08T04:52:33Z" duration-ms="3014" status="PASS">
          <reporter-output>
          </reporter-output>
        </test-method> <!-- openUrl -->
        <test-method signature="Shopsy()[pri:0, instance:com.Assignment.tests.ShopsyTest@dd0c991]" started-at="2022-02-08T04:52:33Z" name="Shopsy" finished-at="2022-02-08T04:52:38Z" duration-ms="5167" status="PASS">
          <reporter-output>
          </reporter-output>
        </test-method> <!-- Shopsy -->
        <test-method is-config="true" signature="attachScreenshot(org.testng.ITestResult)[pri:0, instance:com.Assignment.tests.ShopsyTest@dd0c991]" started-at="2022-02-08T04:52:38Z" name="attachScreenshot" finished-at="2022-02-08T04:52:38Z" duration-ms="0" status="PASS">
          <params>
            <param index="0">
              <value>
                <![CDATA[[TestResult name=Shopsy status=SUCCESS method=ShopsyTest.Shopsy()[pri:0, instance:com.Assignment.tests.ShopsyTest@dd0c991] output={null}]]]>
              </value>
            </param>
          </params>
          <reporter-output>
          </reporter-output>
        </test-method> <!-- attachScreenshot -->
        <test-method is-config="true" signature="closeBrowser()[pri:0, instance:com.Assignment.tests.ShopsyTest@dd0c991]" started-at="2022-02-08T04:52:38Z" name="closeBrowser" finished-at="2022-02-08T04:52:39Z" duration-ms="118" status="PASS">
          <reporter-output>
          </reporter-output>
        </test-method> <!-- closeBrowser -->
        <test-method is-config="true" signature="initializeWebdriver()[pri:0, instance:com.Assignment.tests.ShopsyTest@dd0c991]" started-at="2022-02-08T04:52:39Z" name="initializeWebdriver" finished-at="2022-02-08T04:52:40Z" duration-ms="1808" status="PASS">
          <reporter-output>
          </reporter-output>
        </test-method> <!-- initializeWebdriver -->
        <test-method is-config="true" signature="openUrl()[pri:0, instance:com.Assignment.tests.ShopsyTest@dd0c991]" started-at="2022-02-08T04:52:40Z" name="openUrl" finished-at="2022-02-08T04:52:43Z" duration-ms="2868" status="PASS">
          <reporter-output>
          </reporter-output>
        </test-method> <!-- openUrl -->
        <test-method signature="invalidShopsy()[pri:0, instance:com.Assignment.tests.ShopsyTest@dd0c991]" started-at="2022-02-08T04:52:43Z" name="invalidShopsy" finished-at="2022-02-08T04:52:48Z" duration-ms="4905" status="FAIL">
          <exception class="java.lang.AssertionError">
            <message>
              <![CDATA[expected [Flipkart top sellers] but found [ShopsyPage | Flipkart top sellers]]]>
            </message>
            <full-stacktrace>
              <![CDATA[java.lang.AssertionError: expected [Flipkart top sellers] but found [ShopsyPage | Flipkart top sellers]
at org.testng.Assert.fail(Assert.java:96)
at org.testng.Assert.failNotEquals(Assert.java:776)
at org.testng.Assert.assertEqualsImpl(Assert.java:137)
at org.testng.Assert.assertEquals(Assert.java:118)
at org.testng.Assert.assertEquals(Assert.java:453)
at org.testng.Assert.assertEquals(Assert.java:463)
at com.Assignment.tests.ShopsyTest.invalidShopsy(ShopsyTest.java:41)
at java.base/jdk.internal.reflect.NativeMethodAccessorImpl.invoke0(Native Method)
at java.base/jdk.internal.reflect.NativeMethodAccessorImpl.invoke(NativeMethodAccessorImpl.java:62)
at java.base/jdk.internal.reflect.DelegatingMethodAccessorImpl.invoke(DelegatingMethodAccessorImpl.java:43)
at java.base/java.lang.reflect.Method.invoke(Method.java:566)
at org.testng.internal.MethodInvocationHelper.invokeMethod(MethodInvocationHelper.java:124)
at org.testng.internal.Invoker.invokeMethod(Invoker.java:583)
at org.testng.internal.Invoker.invokeTestMethod(Invoker.java:719)
at org.testng.internal.Invoker.invokeTestMethods(Invoker.java:989)
at org.testng.internal.TestMethodWorker.invokeTestMethods(TestMethodWorker.java:125)
at org.testng.internal.TestMethodWorker.run(TestMethodWorker.java:109)
at org.testng.TestRunner.privateRun(TestRunner.java:648)
at org.testng.TestRunner.run(TestRunner.java:505)
at org.testng.SuiteRunner.runTest(SuiteRunner.java:455)
at org.testng.SuiteRunner.runSequentially(SuiteRunner.java:450)
at org.testng.SuiteRunner.privateRun(SuiteRunner.java:415)
at org.testng.SuiteRunner.run(SuiteRunner.java:364)
at org.testng.SuiteRunnerWorker.runSuite(SuiteRunnerWorker.java:52)
at org.testng.SuiteRunnerWorker.run(SuiteRunnerWorker.java:84)
at org.testng.TestNG.runSuitesSequentially(TestNG.java:1208)
at org.testng.TestNG.runSuitesLocally(TestNG.java:1137)
at org.testng.TestNG.runSuites(TestNG.java:1049)
at org.testng.TestNG.run(TestNG.java:1017)
at org.testng.remote.AbstractRemoteTestNG.run(AbstractRemoteTestNG.java:115)
at org.testng.remote.RemoteTestNG.initAndRun(RemoteTestNG.java:251)
at org.testng.remote.RemoteTestNG.main(RemoteTestNG.java:77)
]]>
            </full-stacktrace>
          </exception> <!-- java.lang.AssertionError -->
          <reporter-output>
          </reporter-output>
        </test-method> <!-- invalidShopsy -->
        <test-method is-config="true" signature="attachScreenshot(org.testng.ITestResult)[pri:0, instance:com.Assignment.tests.ShopsyTest@dd0c991]" started-at="2022-02-08T04:52:48Z" name="attachScreenshot" finished-at="2022-02-08T04:52:49Z" duration-ms="471" status="PASS">
          <params>
            <param index="0">
              <value>
                <![CDATA[[TestResult name=invalidShopsy status=FAILURE method=ShopsyTest.invalidShopsy()[pri:0, instance:com.Assignment.tests.ShopsyTest@dd0c991] output={null}]]]>
              </value>
            </param>
          </params>
          <reporter-output>
          </reporter-output>
        </test-method> <!-- attachScreenshot -->
        <test-method is-config="true" signature="closeBrowser()[pri:0, instance:com.Assignment.tests.ShopsyTest@dd0c991]" started-at="2022-02-08T04:52:49Z" name="closeBrowser" finished-at="2022-02-08T04:52:49Z" duration-ms="213" status="PASS">
          <reporter-output>
          </reporter-output>
        </test-method> <!-- closeBrowser -->
      </class> <!-- com.Assignment.tests.ShopsyTest -->
      <class name="com.Assignment.tests.DownloadAppTest">
        <test-method is-config="true" signature="initializeWebdriver()[pri:0, instance:com.Assignment.tests.DownloadAppTest@757acd7b]" started-at="2022-02-08T04:50:10Z" name="initializeWebdriver" finished-at="2022-02-08T04:50:12Z" duration-ms="1808" status="PASS">
          <reporter-output>
          </reporter-output>
        </test-method> <!-- initializeWebdriver -->
        <test-method is-config="true" signature="openUrl()[pri:0, instance:com.Assignment.tests.DownloadAppTest@757acd7b]" started-at="2022-02-08T04:50:12Z" name="openUrl" finished-at="2022-02-08T04:50:15Z" duration-ms="2774" status="PASS">
          <reporter-output>
          </reporter-output>
        </test-method> <!-- openUrl -->
        <test-method signature="downloadApp()[pri:0, instance:com.Assignment.tests.DownloadAppTest@757acd7b]" started-at="2022-02-08T04:50:15Z" name="downloadApp" finished-at="2022-02-08T04:50:15Z" duration-ms="604" status="PASS">
          <reporter-output>
          </reporter-output>
        </test-method> <!-- downloadApp -->
        <test-method is-config="true" signature="attachScreenshot(org.testng.ITestResult)[pri:0, instance:com.Assignment.tests.DownloadAppTest@757acd7b]" started-at="2022-02-08T04:50:15Z" name="attachScreenshot" finished-at="2022-02-08T04:50:15Z" duration-ms="0" status="PASS">
          <params>
            <param index="0">
              <value>
                <![CDATA[[TestResult name=downloadApp status=SUCCESS method=DownloadAppTest.downloadApp()[pri:0, instance:com.Assignment.tests.DownloadAppTest@757acd7b] output={null}]]]>
              </value>
            </param>
          </params>
          <reporter-output>
          </reporter-output>
        </test-method> <!-- attachScreenshot -->
        <test-method is-config="true" signature="closeBrowser()[pri:0, instance:com.Assignment.tests.DownloadAppTest@757acd7b]" started-at="2022-02-08T04:50:15Z" name="closeBrowser" finished-at="2022-02-08T04:50:15Z" duration-ms="235" status="PASS">
          <reporter-output>
          </reporter-output>
        </test-method> <!-- closeBrowser -->
      </class> <!-- com.Assignment.tests.DownloadAppTest -->
      <class name="com.Assignment.tests.CartTest">
        <test-method is-config="true" signature="initializeWebdriver()[pri:0, instance:com.Assignment.tests.CartTest@71c3b41]" started-at="2022-02-08T04:51:24Z" name="initializeWebdriver" finished-at="2022-02-08T04:51:26Z" duration-ms="1813" status="PASS">
          <reporter-output>
          </reporter-output>
        </test-method> <!-- initializeWebdriver -->
        <test-method is-config="true" signature="openUrl()[pri:0, instance:com.Assignment.tests.CartTest@71c3b41]" started-at="2022-02-08T04:51:26Z" name="openUrl" finished-at="2022-02-08T04:51:29Z" duration-ms="3041" status="PASS">
          <reporter-output>
          </reporter-output>
        </test-method> <!-- openUrl -->
        <test-method signature="Cart()[pri:0, instance:com.Assignment.tests.CartTest@71c3b41]" started-at="2022-02-08T04:51:29Z" name="Cart" finished-at="2022-02-08T04:51:37Z" duration-ms="7723" status="PASS">
          <reporter-output>
          </reporter-output>
        </test-method> <!-- Cart -->
        <test-method is-config="true" signature="attachScreenshot(org.testng.ITestResult)[pri:0, instance:com.Assignment.tests.CartTest@71c3b41]" started-at="2022-02-08T04:51:37Z" name="attachScreenshot" finished-at="2022-02-08T04:51:37Z" duration-ms="0" status="PASS">
          <params>
            <param index="0">
              <value>
                <![CDATA[[TestResult name=Cart status=SUCCESS method=CartTest.Cart()[pri:0, instance:com.Assignment.tests.CartTest@71c3b41] output={null}]]]>
              </value>
            </param>
          </params>
          <reporter-output>
          </reporter-output>
        </test-method> <!-- attachScreenshot -->
        <test-method is-config="true" signature="closeBrowser()[pri:0, instance:com.Assignment.tests.CartTest@71c3b41]" started-at="2022-02-08T04:51:37Z" name="closeBrowser" finished-at="2022-02-08T04:51:37Z" duration-ms="336" status="PASS">
          <reporter-output>
          </reporter-output>
        </test-method> <!-- closeBrowser -->
      </class> <!-- com.Assignment.tests.CartTest -->
      <class name="com.Assignment.tests.offerZoneTest">
        <test-method is-config="true" signature="initializeWebdriver()[pri:0, instance:com.Assignment.tests.offerZoneTest@ba54932]" started-at="2022-02-08T04:50:44Z" name="initializeWebdriver" finished-at="2022-02-08T04:50:45Z" duration-ms="1793" status="PASS">
          <reporter-output>
          </reporter-output>
        </test-method> <!-- initializeWebdriver -->
        <test-method is-config="true" signature="openUrl()[pri:0, instance:com.Assignment.tests.offerZoneTest@ba54932]" started-at="2022-02-08T04:50:45Z" name="openUrl" finished-at="2022-02-08T04:50:48Z" duration-ms="2628" status="PASS">
          <reporter-output>
          </reporter-output>
        </test-method> <!-- openUrl -->
        <test-method signature="Offer()[pri:0, instance:com.Assignment.tests.offerZoneTest@ba54932]" started-at="2022-02-08T04:50:48Z" name="Offer" finished-at="2022-02-08T04:50:50Z" duration-ms="1526" status="PASS">
          <reporter-output>
          </reporter-output>
        </test-method> <!-- Offer -->
        <test-method is-config="true" signature="attachScreenshot(org.testng.ITestResult)[pri:0, instance:com.Assignment.tests.offerZoneTest@ba54932]" started-at="2022-02-08T04:50:50Z" name="attachScreenshot" finished-at="2022-02-08T04:50:50Z" duration-ms="1" status="PASS">
          <params>
            <param index="0">
              <value>
                <![CDATA[[TestResult name=Offer status=SUCCESS method=offerZoneTest.Offer()[pri:0, instance:com.Assignment.tests.offerZoneTest@ba54932] output={null}]]]>
              </value>
            </param>
          </params>
          <reporter-output>
          </reporter-output>
        </test-method> <!-- attachScreenshot -->
        <test-method is-config="true" signature="closeBrowser()[pri:0, instance:com.Assignment.tests.offerZoneTest@ba54932]" started-at="2022-02-08T04:50:50Z" name="closeBrowser" finished-at="2022-02-08T04:50:50Z" duration-ms="239" status="PASS">
          <reporter-output>
          </reporter-output>
        </test-method> <!-- closeBrowser -->
      </class> <!-- com.Assignment.tests.offerZoneTest -->
      <class name="com.Assignment.tests.ServicesTest">
        <test-method is-config="true" signature="initializeWebdriver()[pri:0, instance:com.Assignment.tests.ServicesTest@3cc1435c]" started-at="2022-02-08T04:51:53Z" name="initializeWebdriver" finished-at="2022-02-08T04:51:54Z" duration-ms="1785" status="PASS">
          <reporter-output>
          </reporter-output>
        </test-method> <!-- initializeWebdriver -->
        <test-method is-config="true" signature="openUrl()[pri:0, instance:com.Assignment.tests.ServicesTest@3cc1435c]" started-at="2022-02-08T04:51:54Z" name="openUrl" finished-at="2022-02-08T04:51:57Z" duration-ms="3017" status="PASS">
          <reporter-output>
          </reporter-output>
        </test-method> <!-- openUrl -->
        <test-method signature="Service()[pri:0, instance:com.Assignment.tests.ServicesTest@3cc1435c]" started-at="2022-02-08T04:51:57Z" name="Service" finished-at="2022-02-08T04:52:03Z" duration-ms="5855" status="PASS">
          <reporter-output>
          </reporter-output>
        </test-method> <!-- Service -->
        <test-method is-config="true" signature="closeBrowser()[pri:0, instance:com.Assignment.tests.ServicesTest@3cc1435c]" started-at="2022-02-08T04:52:03Z" name="closeBrowser" finished-at="2022-02-08T04:52:07Z" duration-ms="4160" status="PASS">
          <reporter-output>
          </reporter-output>
        </test-method> <!-- closeBrowser -->
        <test-method is-config="true" signature="attachScreenshot(org.testng.ITestResult)[pri:0, instance:com.Assignment.tests.ServicesTest@3cc1435c]" started-at="2022-02-08T04:52:03Z" name="attachScreenshot" finished-at="2022-02-08T04:52:03Z" duration-ms="0" status="PASS">
          <params>
            <param index="0">
              <value>
                <![CDATA[[TestResult name=Service status=SUCCESS method=ServicesTest.Service()[pri:0, instance:com.Assignment.tests.ServicesTest@3cc1435c] output={null}]]]>
              </value>
            </param>
          </params>
          <reporter-output>
          </reporter-output>
        </test-method> <!-- attachScreenshot -->
        <test-method is-config="true" signature="initializeWebdriver()[pri:0, instance:com.Assignment.tests.ServicesTest@3cc1435c]" started-at="2022-02-08T04:52:07Z" name="initializeWebdriver" finished-at="2022-02-08T04:52:09Z" duration-ms="1843" status="PASS">
          <reporter-output>
          </reporter-output>
        </test-method> <!-- initializeWebdriver -->
        <test-method is-config="true" signature="openUrl()[pri:0, instance:com.Assignment.tests.ServicesTest@3cc1435c]" started-at="2022-02-08T04:52:09Z" name="openUrl" finished-at="2022-02-08T04:52:12Z" duration-ms="2780" status="PASS">
          <reporter-output>
          </reporter-output>
        </test-method> <!-- openUrl -->
        <test-method signature="invalidService()[pri:0, instance:com.Assignment.tests.ServicesTest@3cc1435c]" started-at="2022-02-08T04:52:12Z" name="invalidService" finished-at="2022-02-08T04:52:18Z" duration-ms="5644" status="FAIL">
          <exception class="java.lang.AssertionError">
            <message>
              <![CDATA[expected [Everything you need to know about selling on Flipkart?] but found [Services | Everything you need to know about selling on Flipkart?]]]>
            </message>
            <full-stacktrace>
              <![CDATA[java.lang.AssertionError: expected [Everything you need to know about selling on Flipkart?] but found [Services | Everything you need to know about selling on Flipkart?]
at org.testng.Assert.fail(Assert.java:96)
at org.testng.Assert.failNotEquals(Assert.java:776)
at org.testng.Assert.assertEqualsImpl(Assert.java:137)
at org.testng.Assert.assertEquals(Assert.java:118)
at org.testng.Assert.assertEquals(Assert.java:453)
at org.testng.Assert.assertEquals(Assert.java:463)
at com.Assignment.tests.ServicesTest.invalidService(ServicesTest.java:45)
at java.base/jdk.internal.reflect.NativeMethodAccessorImpl.invoke0(Native Method)
at java.base/jdk.internal.reflect.NativeMethodAccessorImpl.invoke(NativeMethodAccessorImpl.java:62)
at java.base/jdk.internal.reflect.DelegatingMethodAccessorImpl.invoke(DelegatingMethodAccessorImpl.java:43)
at java.base/java.lang.reflect.Method.invoke(Method.java:566)
at org.testng.internal.MethodInvocationHelper.invokeMethod(MethodInvocationHelper.java:124)
at org.testng.internal.Invoker.invokeMethod(Invoker.java:583)
at org.testng.internal.Invoker.invokeTestMethod(Invoker.java:719)
at org.testng.internal.Invoker.invokeTestMethods(Invoker.java:989)
at org.testng.internal.TestMethodWorker.invokeTestMethods(TestMethodWorker.java:125)
at org.testng.internal.TestMethodWorker.run(TestMethodWorker.java:109)
at org.testng.TestRunner.privateRun(TestRunner.java:648)
at org.testng.TestRunner.run(TestRunner.java:505)
at org.testng.SuiteRunner.runTest(SuiteRunner.java:455)
at org.testng.SuiteRunner.runSequentially(SuiteRunner.java:450)
at org.testng.SuiteRunner.privateRun(SuiteRunner.java:415)
at org.testng.SuiteRunner.run(SuiteRunner.java:364)
at org.testng.SuiteRunnerWorker.runSuite(SuiteRunnerWorker.java:52)
at org.testng.SuiteRunnerWorker.run(SuiteRunnerWorker.java:84)
at org.testng.TestNG.runSuitesSequentially(TestNG.java:1208)
at org.testng.TestNG.runSuitesLocally(TestNG.java:1137)
at org.testng.TestNG.runSuites(TestNG.java:1049)
at org.testng.TestNG.run(TestNG.java:1017)
at org.testng.remote.AbstractRemoteTestNG.run(AbstractRemoteTestNG.java:115)
at org.testng.remote.RemoteTestNG.initAndRun(RemoteTestNG.java:251)
at org.testng.remote.RemoteTestNG.main(RemoteTestNG.java:77)
]]>
            </full-stacktrace>
          </exception> <!-- java.lang.AssertionError -->
          <reporter-output>
          </reporter-output>
        </test-method> <!-- invalidService -->
        <test-method is-config="true" signature="attachScreenshot(org.testng.ITestResult)[pri:0, instance:com.Assignment.tests.ServicesTest@3cc1435c]" started-at="2022-02-08T04:52:18Z" name="attachScreenshot" finished-at="2022-02-08T04:52:18Z" duration-ms="275" status="PASS">
          <params>
            <param index="0">
              <value>
                <![CDATA[[TestResult name=invalidService status=FAILURE method=ServicesTest.invalidService()[pri:0, instance:com.Assignment.tests.ServicesTest@3cc1435c] output={null}]]]>
              </value>
            </param>
          </params>
          <reporter-output>
          </reporter-output>
        </test-method> <!-- attachScreenshot -->
        <test-method is-config="true" signature="closeBrowser()[pri:0, instance:com.Assignment.tests.ServicesTest@3cc1435c]" started-at="2022-02-08T04:52:18Z" name="closeBrowser" finished-at="2022-02-08T04:52:18Z" duration-ms="317" status="PASS">
          <reporter-output>
          </reporter-output>
        </test-method> <!-- closeBrowser -->
      </class> <!-- com.Assignment.tests.ServicesTest -->
      <class name="com.Assignment.tests.SearchTest">
        <test-method is-config="true" signature="initializeWebdriver()[pri:0, instance:com.Assignment.tests.SearchTest@11c9af63]" started-at="2022-02-08T04:49:54Z" name="initializeWebdriver" finished-at="2022-02-08T04:49:56Z" duration-ms="1804" status="PASS">
          <reporter-output>
          </reporter-output>
        </test-method> <!-- initializeWebdriver -->
        <test-method is-config="true" signature="openUrl()[pri:0, instance:com.Assignment.tests.SearchTest@11c9af63]" started-at="2022-02-08T04:49:56Z" name="openUrl" finished-at="2022-02-08T04:49:59Z" duration-ms="2878" status="PASS">
          <reporter-output>
          </reporter-output>
        </test-method> <!-- openUrl -->
        <test-method signature="inValidSearch()[pri:0, instance:com.Assignment.tests.SearchTest@11c9af63]" started-at="2022-02-08T04:49:59Z" name="inValidSearch" finished-at="2022-02-08T04:50:00Z" duration-ms="744" status="PASS">
          <reporter-output>
          </reporter-output>
        </test-method> <!-- inValidSearch -->
        <test-method is-config="true" signature="attachScreenshot(org.testng.ITestResult)[pri:0, instance:com.Assignment.tests.SearchTest@11c9af63]" started-at="2022-02-08T04:50:00Z" name="attachScreenshot" finished-at="2022-02-08T04:50:00Z" duration-ms="1" status="PASS">
          <params>
            <param index="0">
              <value>
                <![CDATA[[TestResult name=inValidSearch status=SUCCESS method=SearchTest.inValidSearch()[pri:0, instance:com.Assignment.tests.SearchTest@11c9af63] output={null}]]]>
              </value>
            </param>
          </params>
          <reporter-output>
          </reporter-output>
        </test-method> <!-- attachScreenshot -->
        <test-method is-config="true" signature="closeBrowser()[pri:0, instance:com.Assignment.tests.SearchTest@11c9af63]" started-at="2022-02-08T04:50:00Z" name="closeBrowser" finished-at="2022-02-08T04:50:00Z" duration-ms="309" status="PASS">
          <reporter-output>
          </reporter-output>
        </test-method> <!-- closeBrowser -->
        <test-method is-config="true" signature="initializeWebdriver()[pri:0, instance:com.Assignment.tests.SearchTest@11c9af63]" started-at="2022-02-08T04:50:00Z" name="initializeWebdriver" finished-at="2022-02-08T04:50:02Z" duration-ms="1839" status="PASS">
          <reporter-output>
          </reporter-output>
        </test-method> <!-- initializeWebdriver -->
        <test-method is-config="true" signature="openUrl()[pri:0, instance:com.Assignment.tests.SearchTest@11c9af63]" started-at="2022-02-08T04:50:02Z" name="openUrl" finished-at="2022-02-08T04:50:05Z" duration-ms="3129" status="PASS">
          <reporter-output>
          </reporter-output>
        </test-method> <!-- openUrl -->
        <test-method signature="validSearch()[pri:0, instance:com.Assignment.tests.SearchTest@11c9af63]" started-at="2022-02-08T04:50:05Z" name="validSearch" finished-at="2022-02-08T04:50:06Z" duration-ms="772" status="PASS">
          <reporter-output>
          </reporter-output>
        </test-method> <!-- validSearch -->
        <test-method is-config="true" signature="attachScreenshot(org.testng.ITestResult)[pri:0, instance:com.Assignment.tests.SearchTest@11c9af63]" started-at="2022-02-08T04:50:06Z" name="attachScreenshot" finished-at="2022-02-08T04:50:06Z" duration-ms="0" status="PASS">
          <params>
            <param index="0">
              <value>
                <![CDATA[[TestResult name=validSearch status=SUCCESS method=SearchTest.validSearch()[pri:0, instance:com.Assignment.tests.SearchTest@11c9af63] output={null}]]]>
              </value>
            </param>
          </params>
          <reporter-output>
          </reporter-output>
        </test-method> <!-- attachScreenshot -->
        <test-method is-config="true" signature="closeBrowser()[pri:0, instance:com.Assignment.tests.SearchTest@11c9af63]" started-at="2022-02-08T04:50:06Z" name="closeBrowser" finished-at="2022-02-08T04:50:10Z" duration-ms="4227" status="PASS">
          <reporter-output>
          </reporter-output>
        </test-method> <!-- closeBrowser -->
      </class> <!-- com.Assignment.tests.SearchTest -->
    </test> <!-- Test -->
  </suite> <!-- Suite -->
</testng-results>
